2020-03-17 10:25:37,155 INFO PERFORMANCE:|0|0|-1|-1

2020-03-17 10:30:37,165 INFO PERFORMANCE:|0|0|-1|-1

2020-03-17 10:35:37,190 INFO PERFORMANCE:|0|0|-1|-1

2020-03-17 10:40:37,201 INFO PERFORMANCE:|1|1|-1|-1

2020-03-17 10:45:37,216 INFO PERFORMANCE:|1|2|-1|-1

2020-03-17 10:50:37,247 INFO PERFORMANCE:|1|2|-1|-1

2020-03-17 10:55:37,259 INFO PERFORMANCE:|1|2|-1|-1

2020-03-17 11:00:37,273 INFO PERFORMANCE:|1|2|-1|-1

2020-03-17 11:05:37,304 INFO PERFORMANCE:|2|0|-1|-1

2020-03-17 11:10:37,317 INFO PERFORMANCE:|2|0|-1|-1

2020-03-17 11:15:37,327 INFO PERFORMANCE:|2|0|-1|-1

2020-03-17 11:20:37,357 INFO PERFORMANCE:|2|0|-1|-1

2020-03-17 11:25:37,369 INFO PERFORMANCE:|2|0|-1|-1

2020-03-17 11:30:37,382 INFO PERFORMANCE:|2|0|-1|-1

2020-03-17 11:35:37,411 INFO PERFORMANCE:|2|0|-1|-1

2020-03-17 11:40:37,423 INFO PERFORMANCE:|2|0|-1|-1

2020-03-17 11:45:37,437 INFO PERFORMANCE:|2|0|-1|-1

2020-03-17 11:50:37,454 INFO PERFORMANCE:|2|0|-1|-1

2020-03-17 11:55:37,484 INFO PERFORMANCE:|2|0|-1|-1

2020-03-17 12:00:37,498 INFO PERFORMANCE:|2|0|-1|-1

2020-03-17 12:05:37,511 INFO PERFORMANCE:|2|0|-1|-1

2020-03-17 12:10:37,546 INFO PERFORMANCE:|2|0|-1|-1

2020-03-17 12:15:37,564 INFO PERFORMANCE:|2|0|-1|-1

2020-03-17 12:20:37,580 INFO PERFORMANCE:|2|0|-1|-1

2020-03-17 12:25:37,612 INFO PERFORMANCE:|2|0|-1|-1

2020-03-17 12:30:37,629 INFO PERFORMANCE:|2|0|-1|-1

2020-03-17 13:06:00,946 INFO PERFORMANCE:|2|0|-1|-1

2020-03-17 13:11:00,959 INFO PERFORMANCE:|2|0|-1|-1

2020-03-17 13:16:00,970 INFO PERFORMANCE:|2|0|-1|-1

2020-03-17 13:21:00,980 INFO PERFORMANCE:|3|1|-1|-1

2020-03-17 13:26:01,004 INFO PERFORMANCE:|3|1|-1|-1

2020-03-17 13:31:01,018 INFO PERFORMANCE:|3|1|-1|-1

2020-03-17 13:36:01,028 INFO PERFORMANCE:|3|1|-1|-1

2020-03-17 13:41:01,058 INFO PERFORMANCE:|3|1|-1|-1

2020-03-17 13:46:01,072 INFO PERFORMANCE:|3|1|-1|-1

2020-03-17 13:51:01,082 INFO PERFORMANCE:|3|0|-1|-1

2020-03-17 13:56:01,109 INFO PERFORMANCE:|3|0|-1|-1

2020-03-17 14:01:01,119 INFO PERFORMANCE:|3|0|-1|-1

2020-03-17 14:06:01,131 INFO PERFORMANCE:|3|1|-1|-1

2020-03-17 14:11:01,160 INFO PERFORMANCE:|3|0|-1|-1

2020-03-17 14:16:01,174 INFO PERFORMANCE:|3|1|-1|-1

2020-03-17 14:21:01,188 INFO PERFORMANCE:|3|0|-1|-1

2020-03-17 14:26:29,142 INFO PERFORMANCE:|0|0|-1|-1

2020-03-17 14:31:29,159 INFO PERFORMANCE:|0|0|-1|-1

2020-03-17 14:36:29,171 INFO PERFORMANCE:|0|0|-1|-1

2020-03-17 14:41:29,186 INFO PERFORMANCE:|0|0|-1|-1

2020-03-17 14:46:29,216 INFO PERFORMANCE:|0|0|-1|-1

2020-03-17 14:51:53,055 INFO PERFORMANCE:|0|0|-1|-1

2020-03-17 14:56:53,068 INFO PERFORMANCE:|0|0|-1|-1

2020-03-17 15:01:53,082 INFO PERFORMANCE:|0|0|-1|-1

2020-03-17 15:06:53,097 INFO PERFORMANCE:|0|0|-1|-1

2020-03-17 15:11:53,107 INFO PERFORMANCE:|0|0|-1|-1

2020-03-17 15:16:53,121 INFO PERFORMANCE:|0|0|-1|-1

2020-03-17 15:21:53,132 INFO PERFORMANCE:|0|0|-1|-1

2020-03-17 15:26:53,145 INFO PERFORMANCE:|0|0|-1|-1

2020-03-17 15:31:53,160 INFO PERFORMANCE:|0|0|-1|-1

2020-03-17 15:36:53,173 INFO PERFORMANCE:|0|0|-1|-1

2020-03-17 15:41:53,188 INFO PERFORMANCE:|0|0|-1|-1

2020-03-17 15:46:53,199 INFO PERFORMANCE:|0|0|-1|-1

2020-03-17 15:51:53,212 INFO PERFORMANCE:|0|0|-1|-1

2020-03-17 15:56:53,224 INFO PERFORMANCE:|0|0|-1|-1

2020-03-17 16:01:53,267 INFO PERFORMANCE:|0|0|-1|-1

2020-03-17 16:06:53,280 INFO PERFORMANCE:|0|0|-1|-1

2020-03-17 16:11:53,291 INFO PERFORMANCE:|0|0|-1|-1

2020-03-17 16:16:53,351 INFO PERFORMANCE:|0|0|-1|-1

2020-03-17 16:21:53,365 INFO PERFORMANCE:|0|0|-1|-1

2020-03-17 16:26:53,379 INFO PERFORMANCE:|0|0|-1|-1

2020-03-17 16:31:53,398 INFO PERFORMANCE:|0|0|-1|-1

2020-03-17 16:36:53,432 INFO PERFORMANCE:|0|0|-1|-1

2020-03-17 16:41:53,452 INFO PERFORMANCE:|0|0|-1|-1

2020-03-17 16:46:53,466 INFO PERFORMANCE:|0|0|-1|-1

2020-03-17 16:51:53,500 INFO PERFORMANCE:|0|0|-1|-1

2020-03-17 17:27:24,224 INFO PERFORMANCE:|0|0|-1|-1

2020-03-17 17:32:24,243 INFO PERFORMANCE:|0|0|-1|-1

2020-03-17 17:37:24,262 INFO PERFORMANCE:|0|0|-1|-1

2020-03-17 17:42:24,288 INFO PERFORMANCE:|0|0|-1|-1

2020-03-17 17:47:24,314 INFO PERFORMANCE:|0|0|-1|-1

2020-03-17 17:52:24,324 INFO PERFORMANCE:|0|0|-1|-1

2020-03-17 19:32:00,390 INFO PERFORMANCE:|0|0|-1|-1

2020-03-17 19:37:00,402 INFO PERFORMANCE:|0|0|-1|-1

2020-03-17 19:42:00,416 INFO PERFORMANCE:|0|0|-1|-1

2020-03-17 19:47:00,101 INFO PERFORMANCE:|0|0|-1|-1

2020-03-17 19:52:00,115 INFO PERFORMANCE:|0|0|-1|-1

2020-03-17 19:57:00,134 INFO PERFORMANCE:|0|0|-1|-1

2020-03-17 20:02:00,162 INFO PERFORMANCE:|0|0|-1|-1

2020-03-17 20:07:00,174 INFO PERFORMANCE:|0|0|-1|-1

2020-03-17 20:12:00,187 INFO PERFORMANCE:|0|0|-1|-1

2020-03-17 20:17:00,216 INFO PERFORMANCE:|0|0|-1|-1

