/Library/Java/JavaVirtualMachines/jdk1.8.0_121.jdk/Contents/Home/bin/java  -Xms512m -Xmx512m -Xmn256m -Dnacos.standalone=true -Djava.ext.dirs=/Library/Java/JavaVirtualMachines/jdk1.8.0_121.jdk/Contents/Home/jre/lib/ext:/Library/Java/JavaVirtualMachines/jdk1.8.0_121.jdk/Contents/Home/lib/ext -Xloggc:/Users/lulu/project/tyjt/mycloud/third-plugin/nacos/logs/nacos_gc.log -verbose:gc -XX:+PrintGCDetails -XX:+PrintGCDateStamps -XX:+PrintGCTimeStamps -XX:+UseGCLogFileRotation -XX:NumberOfGCLogFiles=10 -XX:GCLogFileSize=100M -Dloader.path=/Users/lulu/project/tyjt/mycloud/third-plugin/nacos/plugins/health,/Users/lulu/project/tyjt/mycloud/third-plugin/nacos/plugins/cmdb,/Users/lulu/project/tyjt/mycloud/third-plugin/nacos/plugins/mysql -Dnacos.home=/Users/lulu/project/tyjt/mycloud/third-plugin/nacos -jar /Users/lulu/project/tyjt/mycloud/third-plugin/nacos/target/nacos-server.jar  --spring.config.location=classpath:/,classpath:/config/,file:./,file:./config/,file:/Users/lulu/project/tyjt/mycloud/third-plugin/nacos/conf/ --logging.config=/Users/lulu/project/tyjt/mycloud/third-plugin/nacos/conf/nacos-logback.xml --server.max-http-header-size=524288

         ,--.
       ,--.'|
   ,--,:  : |                                           Nacos 1.2.0
,`--.'`|  ' :                       ,---.               Running in stand alone mode, All function modules
|   :  :  | |                      '   ,'\   .--.--.    Port: 8848
:   |   \ | :  ,--.--.     ,---.  /   /   | /  /    '   Pid: 15490
|   : '  '; | /       \   /     \.   ; ,. :|  :  /`./   Console: http://192.168.86.120:8848/nacos/index.html
'   ' ;.    ;.--.  .-. | /    / ''   | |: :|  :  ;_
|   | | \   | \__\/: . ..    ' / '   | .; : \  \    `.      https://nacos.io
'   : |  ; .' ," .--.; |'   ; :__|   :    |  `----.   \
|   | '`--'  /  /  ,.  |'   | '.'|\   \  /  /  /`--'  /
'   : |     ;  :   .'   \   :    : `----'  '--'.     /
;   |.'     |  ,     .-./\   \  /            `--'---'
'---'        `--`---'     `----'

2020-03-17 14:25:50,714 INFO Bean 'org.springframework.security.config.annotation.configuration.ObjectPostProcessorConfiguration' of type [org.springframework.security.config.annotation.configuration.ObjectPostProcessorConfiguration$$EnhancerBySpringCGLIB$$d56a0606] is not eligible for getting processed by all BeanPostProcessors (for example: not eligible for auto-proxying)

2020-03-17 14:25:50,821 INFO Bean 'objectPostProcessor' of type [org.springframework.security.config.annotation.configuration.AutowireBeanFactoryObjectPostProcessor] is not eligible for getting processed by all BeanPostProcessors (for example: not eligible for auto-proxying)

2020-03-17 14:25:50,824 INFO Bean 'org.springframework.security.access.expression.method.DefaultMethodSecurityExpressionHandler@1807e3f6' of type [org.springframework.security.access.expression.method.DefaultMethodSecurityExpressionHandler] is not eligible for getting processed by all BeanPostProcessors (for example: not eligible for auto-proxying)

2020-03-17 14:25:50,826 INFO Bean 'org.springframework.security.config.annotation.method.configuration.GlobalMethodSecurityConfiguration' of type [org.springframework.security.config.annotation.method.configuration.GlobalMethodSecurityConfiguration$$EnhancerBySpringCGLIB$$fa3ea8b8] is not eligible for getting processed by all BeanPostProcessors (for example: not eligible for auto-proxying)

2020-03-17 14:25:50,834 INFO Bean 'methodSecurityMetadataSource' of type [org.springframework.security.access.method.DelegatingMethodSecurityMetadataSource] is not eligible for getting processed by all BeanPostProcessors (for example: not eligible for auto-proxying)

2020-03-17 14:25:52,377 INFO Tomcat initialized with port(s): 8848 (http)

2020-03-17 14:25:52,686 INFO Root WebApplicationContext: initialization completed in 6686 ms

2020-03-17 14:26:00,698 INFO Initializing ExecutorService 'applicationTaskExecutor'

2020-03-17 14:26:01,346 INFO Adding welcome page: class path resource [static/index.html]

2020-03-17 14:26:02,376 INFO Creating filter chain: Ant [pattern='/**'], []

2020-03-17 14:26:02,520 INFO Creating filter chain: any request, [org.springframework.security.web.context.request.async.WebAsyncManagerIntegrationFilter@5ed731d0, org.springframework.security.web.context.SecurityContextPersistenceFilter@47404bea, org.springframework.security.web.header.HeaderWriterFilter@62fe6067, org.springframework.security.web.csrf.CsrfFilter@2dbe250d, org.springframework.security.web.authentication.logout.LogoutFilter@38be305c, org.springframework.security.web.savedrequest.RequestCacheAwareFilter@5d018107, org.springframework.security.web.servletapi.SecurityContextHolderAwareRequestFilter@62435e70, org.springframework.security.web.authentication.AnonymousAuthenticationFilter@3234f74e, org.springframework.security.web.session.SessionManagementFilter@4de41af9, org.springframework.security.web.access.ExceptionTranslationFilter@6e1d8f9e]

2020-03-17 14:26:02,814 INFO Exposing 2 endpoint(s) beneath base path '/actuator'

2020-03-17 14:26:03,041 INFO Initializing ExecutorService 'taskScheduler'

2020-03-17 14:26:03,607 INFO Tomcat started on port(s): 8848 (http) with context path '/nacos'

2020-03-17 14:26:03,646 INFO Nacos logs files: /Users/lulu/project/tyjt/mycloud/third-plugin/nacos/logs/

2020-03-17 14:26:03,646 INFO Nacos conf files: /Users/lulu/project/tyjt/mycloud/third-plugin/nacos/conf/

2020-03-17 14:26:03,646 INFO Nacos data files: /Users/lulu/project/tyjt/mycloud/third-plugin/nacos/data/

2020-03-17 14:26:03,646 INFO Nacos started successfully in stand alone mode.

2020-03-17 14:26:03,875 INFO Initializing Servlet 'dispatcherServlet'

2020-03-17 14:26:03,892 INFO Completed initialization in 17 ms

2020-03-17 20:17:20,522 INFO Shutting down ExecutorService 'taskScheduler'

2020-03-17 20:17:20,528 INFO Shutting down ExecutorService 'applicationTaskExecutor'

